<?xml version="1.0" encoding="UTF-8" standalone="no"?>
<!DOCTYPE log SYSTEM "logger.dtd">
<log>
<record>
  <date>2024-08-22T18:09:35.042-0300</date>
  <logger>GABRIEL GERMANO DOS SANTOS</logger>
  <level>FINE</level>
  <message>File 123110263-GABRIEL GERMANO DOS SANTOS.zip was received. It was sent by GABRIEL GERMANO DOS SANTOS from IP 192.168.101.3 at 22-08-2024 18*09*35</message>
</record>
</log>
<?xml version="1.0" encoding="UTF-8" standalone="no"?>
<!DOCTYPE log SYSTEM "logger.dtd">
<log>
<record>
  <date>2024-08-22T18:51:47.937-0300</date>
  <logger>GABRIEL GERMANO DOS SANTOS</logger>
  <level>FINE</level>
  <message>File 123110263-GABRIEL GERMANO DOS SANTOS.zip was received. It was sent by GABRIEL GERMANO DOS SANTOS from IP 192.168.101.3 at 22-08-2024 18*51*47</message>
</record>
</log>
<?xml version="1.0" encoding="UTF-8" standalone="no"?>
<!DOCTYPE log SYSTEM "logger.dtd">
<log>
<record>
  <date>2024-08-25T10:37:02.969-0300</date>
  <logger>GABRIEL GERMANO DOS SANTOS</logger>
  <level>FINE</level>
  <message>File 123110263-GABRIEL GERMANO DOS SANTOS.zip was received. It was sent by GABRIEL GERMANO DOS SANTOS from IP 192.168.101.2 at 25-08-2024 10*37*02</message>
</record>
</log>
<?xml version="1.0" encoding="UTF-8" standalone="no"?>
<!DOCTYPE log SYSTEM "logger.dtd">
<log>
<record>
  <date>2024-08-25T21:42:14.490-0300</date>
  <logger>GABRIEL GERMANO DOS SANTOS</logger>
  <level>FINE</level>
  <message>File 123110263-GABRIEL GERMANO DOS SANTOS.zip was received. It was sent by GABRIEL GERMANO DOS SANTOS from IP 192.168.101.2 at 25-08-2024 21*42*14</message>
</record>
</log>
<?xml version="1.0" encoding="UTF-8" standalone="no"?>
<!DOCTYPE log SYSTEM "logger.dtd">
<log>
<record>
  <date>2024-08-27T21:59:51.536-0300</date>
  <logger>GABRIEL GERMANO DOS SANTOS</logger>
  <level>FINE</level>
  <message>File 123110263-GABRIEL GERMANO DOS SANTOS.zip was received. It was sent by GABRIEL GERMANO DOS SANTOS from IP 192.168.101.2 at 27-08-2024 21*59*51</message>
</record>
</log>
<?xml version="1.0" encoding="UTF-8" standalone="no"?>
<!DOCTYPE log SYSTEM "logger.dtd">
<log>
<record>
  <date>2024-08-27T23:02:28.894-0300</date>
  <logger>GABRIEL GERMANO DOS SANTOS</logger>
  <level>FINE</level>
  <message>File 123110263-GABRIEL GERMANO DOS SANTOS.zip was received. It was sent by GABRIEL GERMANO DOS SANTOS from IP 192.168.101.2 at 27-08-2024 23*02*28</message>
</record>
</log>
<?xml version="1.0" encoding="UTF-8" standalone="no"?>
<!DOCTYPE log SYSTEM "logger.dtd">
<log>
<record>
  <date>2024-08-27T23:24:13.470-0300</date>
  <logger>GABRIEL GERMANO DOS SANTOS</logger>
  <level>FINE</level>
  <message>File 123110263-GABRIEL GERMANO DOS SANTOS.zip was received. It was sent by GABRIEL GERMANO DOS SANTOS from IP 192.168.101.2 at 27-08-2024 23*24*13</message>
</record>
